<?xml version="1.0" encoding="UTF-8"?>
<testng-results skipped="0" failed="1" total="1" passed="0">
  <reporter-output>
  </reporter-output>
  <suite name="Default suite" duration-ms="46488" started-at="2018-09-19T09:45:51Z" finished-at="2018-09-19T09:46:37Z">
    <groups>
    </groups>
    <test name="Default test" duration-ms="46488" started-at="2018-09-19T09:45:51Z" finished-at="2018-09-19T09:46:37Z">
      <class name="tests.NewTest">
        <test-method status="FAIL" signature="login()[pri:0, instance:tests.NewTest@39aeed2f]" name="login" duration-ms="46477" started-at="2018-09-19T15:15:51Z" finished-at="2018-09-19T15:16:37Z">
          <exception class="org.openqa.selenium.WebDriverException">
            <message>
              <![CDATA[Failed to connect to binary FirefoxBinary(C:\Program Files\Mozilla Firefox\firefox.exe) on port 7055; process output follows: 
37350352792	addons.manager	DEBUG	Provider finished startup: LightweightThemeManager
1537350352792	addons.manager	DEBUG	Starting provider: GMPProvider
1537350352793	addons.manager	DEBUG	Registering shutdown blocker for GMPProvider
1537350352793	addons.manager	DEBUG	Provider finished startup: GMPProvider
1537350352793	addons.manager	DEBUG	Starting provider: PluginProvider
1537350352793	addons.manager	DEBUG	Registering shutdown blocker for PluginProvider
1537350352793	addons.manager	DEBUG	Provider finished startup: PluginProvider
1537350352794	addons.manager	DEBUG	Completed startup sequence
1537350353176	addons.repository	DEBUG	No addons.json found.
1537350353667	addons.xpi	DEBUG	Ignoring file: name is not a valid add-on ID: C:\Users\Ravi-Istar\AppData\Local\Temp\anonymous3124212680730630287webdriver-profile\extensions\webdriver-staging
1537350353668	addons.xpi	DEBUG	Existing add-on activity-stream@mozilla.org in app-system-defaults
1537350353668	addons.xpi	DEBUG	Existing add-on aushelper@mozilla.org in app-system-defaults
1537350353668	addons.xpi	DEBUG	Existing add-on firefox@getpocket.com in app-system-defaults
1537350353668	addons.xpi	DEBUG	Existing add-on formautofill@mozilla.org in app-system-defaults
1537350353668	addons.xpi	DEBUG	Existing add-on onboarding@mozilla.org in app-system-defaults
1537350353668	addons.xpi	DEBUG	Existing add-on screenshots@mozilla.org in app-system-defaults
1537350353668	addons.xpi	DEBUG	Existing add-on webcompat-reporter@mozilla.org in app-system-defaults
1537350353668	addons.xpi	DEBUG	Existing add-on webcompat@mozilla.org in app-system-defaults
1537350353668	addons.xpi	DEBUG	scanForChanges changed: false, state: {}
JavaScript error: resource://gre/modules/addons/XPIProvider.jsm, line 2579: TypeError: addon is null
1537350361143	addons.xpi	DEBUG	Calling bootstrap method shutdown on webcompat@mozilla.org version 2.0
1537350361144	addons.xpi	DEBUG	Calling bootstrap method shutdown on webcompat-reporter@mozilla.org version 1.0.0
1537350361144	addons.xpi	DEBUG	Calling bootstrap method shutdown on screenshots@mozilla.org version 33.0.0
1537350361146	addons.xpi	DEBUG	Calling bootstrap method shutdown on onboarding@mozilla.org version 1.0
1537350361146	addons.xpi	DEBUG	Calling bootstrap method shutdown on formautofill@mozilla.org version 1.0
1537350361146	addons.xpi	DEBUG	Calling bootstrap method shutdown on firefox@getpocket.com version 1.0.5
1537350361146	addons.xpi	DEBUG	Calling bootstrap method shutdown on aushelper@mozilla.org version 2.0
1537350361147	addons.xpi	DEBUG	Calling bootstrap method shutdown on activity-stream@mozilla.org version 2018.08.22.1219-93becf29
[Parent 27364, Gecko_IOThread] WARNING: pipe error: 109: file z:/build/build/src/ipc/chromium/src/chrome/common/ipc_channel_win.cc, line 346
[Parent 27364, Gecko_IOThread] WARNING: pipe error: 109: file z:/build/build/src/ipc/chromium/src/chrome/common/ipc_channel_win.cc, line 346
[Child 21856, Chrome_ChildThread] WARNING: pipe error: 109: file z:/build/build/src/ipc/chromium/src/chrome/common/ipc_channel_win.cc, line 346
[Child 21856, Chrome_Chil[Parent 27364, Gecko_IOThread] WARNING: pipe error: 109: file z:/build/build/src/ipc/chromium/src/chrome/common/ipc_channel_win.cc, line 346
[Child 23804, Chrome_ChildThread] WARNING: pipe error: 109: file z:/build/build/src/ipc/chromium/src/chrome/common/ipc_channel_win.cc, line 346
[Child 23804, Chrome_ChildThread] WARNING: pipe error: 101537350361194	addons.manager	DEBUG	shutdown
1537350361195	addons.manager	DEBUG	Calling shutdown blocker for XPIProvider
1537350361195	addons.xpi	DEBUG	shutdown
1537350361195	addons.xpi-utils	DEBUG	shutdown
1537350361195	addons.manager	DEBUG	Calling shutdown blocker for LightweightThemeManager
1537350361195	addons.manager	DEBUG	Calling shutdown blocker for GMPProvider
1537350361195	addons.manager	DEBUG	Calling shutdown blocker for PluginProvider
1537350361197	addons.manager	DEBUG	Async provider shutdown done
[GPU 27676, Chrome_C
###!!! [Child][MessageChannel::SendAndWait] Error: Channel error: cannot send/recv


Build info: version: '2.53.1', revision: 'a36b8b1cd5757287168e54b817830adce9b0158d', time: '2016-06-30 19:26:09'
System info: host: 'DESKTOP-RP66F0K', ip: '192.168.1.16', os.name: 'Windows 10', os.arch: 'amd64', os.version: '10.0', java.version: '1.8.0_161'
Driver info: driver.version: FirefoxDriver]]>
            </message>
            <full-stacktrace>
              <![CDATA[org.openqa.selenium.WebDriverException: Failed to connect to binary FirefoxBinary(C:\Program Files\Mozilla Firefox\firefox.exe) on port 7055; process output follows: 
37350352792	addons.manager	DEBUG	Provider finished startup: LightweightThemeManager
1537350352792	addons.manager	DEBUG	Starting provider: GMPProvider
1537350352793	addons.manager	DEBUG	Registering shutdown blocker for GMPProvider
1537350352793	addons.manager	DEBUG	Provider finished startup: GMPProvider
1537350352793	addons.manager	DEBUG	Starting provider: PluginProvider
1537350352793	addons.manager	DEBUG	Registering shutdown blocker for PluginProvider
1537350352793	addons.manager	DEBUG	Provider finished startup: PluginProvider
1537350352794	addons.manager	DEBUG	Completed startup sequence
1537350353176	addons.repository	DEBUG	No addons.json found.
1537350353667	addons.xpi	DEBUG	Ignoring file: name is not a valid add-on ID: C:\Users\Ravi-Istar\AppData\Local\Temp\anonymous3124212680730630287webdriver-profile\extensions\webdriver-staging
1537350353668	addons.xpi	DEBUG	Existing add-on activity-stream@mozilla.org in app-system-defaults
1537350353668	addons.xpi	DEBUG	Existing add-on aushelper@mozilla.org in app-system-defaults
1537350353668	addons.xpi	DEBUG	Existing add-on firefox@getpocket.com in app-system-defaults
1537350353668	addons.xpi	DEBUG	Existing add-on formautofill@mozilla.org in app-system-defaults
1537350353668	addons.xpi	DEBUG	Existing add-on onboarding@mozilla.org in app-system-defaults
1537350353668	addons.xpi	DEBUG	Existing add-on screenshots@mozilla.org in app-system-defaults
1537350353668	addons.xpi	DEBUG	Existing add-on webcompat-reporter@mozilla.org in app-system-defaults
1537350353668	addons.xpi	DEBUG	Existing add-on webcompat@mozilla.org in app-system-defaults
1537350353668	addons.xpi	DEBUG	scanForChanges changed: false, state: {}
JavaScript error: resource://gre/modules/addons/XPIProvider.jsm, line 2579: TypeError: addon is null
1537350361143	addons.xpi	DEBUG	Calling bootstrap method shutdown on webcompat@mozilla.org version 2.0
1537350361144	addons.xpi	DEBUG	Calling bootstrap method shutdown on webcompat-reporter@mozilla.org version 1.0.0
1537350361144	addons.xpi	DEBUG	Calling bootstrap method shutdown on screenshots@mozilla.org version 33.0.0
1537350361146	addons.xpi	DEBUG	Calling bootstrap method shutdown on onboarding@mozilla.org version 1.0
1537350361146	addons.xpi	DEBUG	Calling bootstrap method shutdown on formautofill@mozilla.org version 1.0
1537350361146	addons.xpi	DEBUG	Calling bootstrap method shutdown on firefox@getpocket.com version 1.0.5
1537350361146	addons.xpi	DEBUG	Calling bootstrap method shutdown on aushelper@mozilla.org version 2.0
1537350361147	addons.xpi	DEBUG	Calling bootstrap method shutdown on activity-stream@mozilla.org version 2018.08.22.1219-93becf29
[Parent 27364, Gecko_IOThread] WARNING: pipe error: 109: file z:/build/build/src/ipc/chromium/src/chrome/common/ipc_channel_win.cc, line 346
[Parent 27364, Gecko_IOThread] WARNING: pipe error: 109: file z:/build/build/src/ipc/chromium/src/chrome/common/ipc_channel_win.cc, line 346
[Child 21856, Chrome_ChildThread] WARNING: pipe error: 109: file z:/build/build/src/ipc/chromium/src/chrome/common/ipc_channel_win.cc, line 346
[Child 21856, Chrome_Chil[Parent 27364, Gecko_IOThread] WARNING: pipe error: 109: file z:/build/build/src/ipc/chromium/src/chrome/common/ipc_channel_win.cc, line 346
[Child 23804, Chrome_ChildThread] WARNING: pipe error: 109: file z:/build/build/src/ipc/chromium/src/chrome/common/ipc_channel_win.cc, line 346
[Child 23804, Chrome_ChildThread] WARNING: pipe error: 101537350361194	addons.manager	DEBUG	shutdown
1537350361195	addons.manager	DEBUG	Calling shutdown blocker for XPIProvider
1537350361195	addons.xpi	DEBUG	shutdown
1537350361195	addons.xpi-utils	DEBUG	shutdown
1537350361195	addons.manager	DEBUG	Calling shutdown blocker for LightweightThemeManager
1537350361195	addons.manager	DEBUG	Calling shutdown blocker for GMPProvider
1537350361195	addons.manager	DEBUG	Calling shutdown blocker for PluginProvider
1537350361197	addons.manager	DEBUG	Async provider shutdown done
[GPU 27676, Chrome_C
###!!! [Child][MessageChannel::SendAndWait] Error: Channel error: cannot send/recv


Build info: version: '2.53.1', revision: 'a36b8b1cd5757287168e54b817830adce9b0158d', time: '2016-06-30 19:26:09'
System info: host: 'DESKTOP-RP66F0K', ip: '192.168.1.16', os.name: 'Windows 10', os.arch: 'amd64', os.version: '10.0', java.version: '1.8.0_161'
Driver info: driver.version: FirefoxDriver
	at org.openqa.selenium.firefox.internal.NewProfileExtensionConnection.start(NewProfileExtensionConnection.java:125)
	at org.openqa.selenium.firefox.FirefoxDriver.startClient(FirefoxDriver.java:271)
	at org.openqa.selenium.remote.RemoteWebDriver.<init>(RemoteWebDriver.java:119)
	at org.openqa.selenium.firefox.FirefoxDriver.<init>(FirefoxDriver.java:216)
	at org.openqa.selenium.firefox.FirefoxDriver.<init>(FirefoxDriver.java:211)
	at org.openqa.selenium.firefox.FirefoxDriver.<init>(FirefoxDriver.java:207)
	at org.openqa.selenium.firefox.FirefoxDriver.<init>(FirefoxDriver.java:120)
	at tests.NewTest.login(NewTest.java:18)
	at sun.reflect.NativeMethodAccessorImpl.invoke0(Native Method)
	at sun.reflect.NativeMethodAccessorImpl.invoke(NativeMethodAccessorImpl.java:62)
	at sun.reflect.DelegatingMethodAccessorImpl.invoke(DelegatingMethodAccessorImpl.java:43)
	at java.lang.reflect.Method.invoke(Method.java:498)
	at org.testng.internal.MethodInvocationHelper.invokeMethod(MethodInvocationHelper.java:80)
	at org.testng.internal.Invoker.invokeMethod(Invoker.java:714)
	at org.testng.internal.Invoker.invokeTestMethod(Invoker.java:901)
	at org.testng.internal.Invoker.invokeTestMethods(Invoker.java:1231)
	at org.testng.internal.TestMethodWorker.invokeTestMethods(TestMethodWorker.java:127)
	at org.testng.internal.TestMethodWorker.run(TestMethodWorker.java:111)
	at org.testng.TestRunner.privateRun(TestRunner.java:767)
	at org.testng.TestRunner.run(TestRunner.java:617)
	at org.testng.SuiteRunner.runTest(SuiteRunner.java:334)
	at org.testng.SuiteRunner.runSequentially(SuiteRunner.java:329)
	at org.testng.SuiteRunner.privateRun(SuiteRunner.java:291)
	at org.testng.SuiteRunner.run(SuiteRunner.java:240)
	at org.testng.SuiteRunnerWorker.runSuite(SuiteRunnerWorker.java:52)
	at org.testng.SuiteRunnerWorker.run(SuiteRunnerWorker.java:86)
	at org.testng.TestNG.runSuitesSequentially(TestNG.java:1198)
	at org.testng.TestNG.runSuitesLocally(TestNG.java:1123)
	at org.testng.TestNG.run(TestNG.java:1031)
	at org.testng.remote.AbstractRemoteTestNG.run(AbstractRemoteTestNG.java:114)
	at org.testng.remote.RemoteTestNG.initAndRun(RemoteTestNG.java:251)
	at org.testng.remote.RemoteTestNG.main(RemoteTestNG.java:77)
Caused by: org.openqa.selenium.firefox.NotConnectedException: Unable to connect to host 127.0.0.1 on port 7055 after 45000 ms. Firefox console output:
37350352792	addons.manager	DEBUG	Provider finished startup: LightweightThemeManager
1537350352792	addons.manager	DEBUG	Starting provider: GMPProvider
1537350352793	addons.manager	DEBUG	Registering shutdown blocker for GMPProvider
1537350352793	addons.manager	DEBUG	Provider finished startup: GMPProvider
1537350352793	addons.manager	DEBUG	Starting provider: PluginProvider
1537350352793	addons.manager	DEBUG	Registering shutdown blocker for PluginProvider
1537350352793	addons.manager	DEBUG	Provider finished startup: PluginProvider
1537350352794	addons.manager	DEBUG	Completed startup sequence
1537350353176	addons.repository	DEBUG	No addons.json found.
1537350353667	addons.xpi	DEBUG	Ignoring file: name is not a valid add-on ID: C:\Users\Ravi-Istar\AppData\Local\Temp\anonymous3124212680730630287webdriver-profile\extensions\webdriver-staging
1537350353668	addons.xpi	DEBUG	Existing add-on activity-stream@mozilla.org in app-system-defaults
1537350353668	addons.xpi	DEBUG	Existing add-on aushelper@mozilla.org in app-system-defaults
1537350353668	addons.xpi	DEBUG	Existing add-on firefox@getpocket.com in app-system-defaults
1537350353668	addons.xpi	DEBUG	Existing add-on formautofill@mozilla.org in app-system-defaults
1537350353668	addons.xpi	DEBUG	Existing add-on onboarding@mozilla.org in app-system-defaults
1537350353668	addons.xpi	DEBUG	Existing add-on screenshots@mozilla.org in app-system-defaults
1537350353668	addons.xpi	DEBUG	Existing add-on webcompat-reporter@mozilla.org in app-system-defaults
1537350353668	addons.xpi	DEBUG	Existing add-on webcompat@mozilla.org in app-system-defaults
1537350353668	addons.xpi	DEBUG	scanForChanges changed: false, state: {}
JavaScript error: resource://gre/modules/addons/XPIProvider.jsm, line 2579: TypeError: addon is null
1537350361143	addons.xpi	DEBUG	Calling bootstrap method shutdown on webcompat@mozilla.org version 2.0
1537350361144	addons.xpi	DEBUG	Calling bootstrap method shutdown on webcompat-reporter@mozilla.org version 1.0.0
1537350361144	addons.xpi	DEBUG	Calling bootstrap method shutdown on screenshots@mozilla.org version 33.0.0
1537350361146	addons.xpi	DEBUG	Calling bootstrap method shutdown on onboarding@mozilla.org version 1.0
1537350361146	addons.xpi	DEBUG	Calling bootstrap method shutdown on formautofill@mozilla.org version 1.0
1537350361146	addons.xpi	DEBUG	Calling bootstrap method shutdown on firefox@getpocket.com version 1.0.5
1537350361146	addons.xpi	DEBUG	Calling bootstrap method shutdown on aushelper@mozilla.org version 2.0
1537350361147	addons.xpi	DEBUG	Calling bootstrap method shutdown on activity-stream@mozilla.org version 2018.08.22.1219-93becf29
[Parent 27364, Gecko_IOThread] WARNING: pipe error: 109: file z:/build/build/src/ipc/chromium/src/chrome/common/ipc_channel_win.cc, line 346
[Parent 27364, Gecko_IOThread] WARNING: pipe error: 109: file z:/build/build/src/ipc/chromium/src/chrome/common/ipc_channel_win.cc, line 346
[Child 21856, Chrome_ChildThread] WARNING: pipe error: 109: file z:/build/build/src/ipc/chromium/src/chrome/common/ipc_channel_win.cc, line 346
[Child 21856, Chrome_Chil[Parent 27364, Gecko_IOThread] WARNING: pipe error: 109: file z:/build/build/src/ipc/chromium/src/chrome/common/ipc_channel_win.cc, line 346
[Child 23804, Chrome_ChildThread] WARNING: pipe error: 109: file z:/build/build/src/ipc/chromium/src/chrome/common/ipc_channel_win.cc, line 346
[Child 23804, Chrome_ChildThread] WARNING: pipe error: 101537350361194	addons.manager	DEBUG	shutdown
1537350361195	addons.manager	DEBUG	Calling shutdown blocker for XPIProvider
1537350361195	addons.xpi	DEBUG	shutdown
1537350361195	addons.xpi-utils	DEBUG	shutdown
1537350361195	addons.manager	DEBUG	Calling shutdown blocker for LightweightThemeManager
1537350361195	addons.manager	DEBUG	Calling shutdown blocker for GMPProvider
1537350361195	addons.manager	DEBUG	Calling shutdown blocker for PluginProvider
1537350361197	addons.manager	DEBUG	Async provider shutdown done
[GPU 27676, Chrome_C
###!!! [Child][MessageChannel::SendAndWait] Error: Channel error: cannot send/recv


	at org.openqa.selenium.firefox.internal.NewProfileExtensionConnection.start(NewProfileExtensionConnection.java:113)
	... 31 more
]]>
            </full-stacktrace>
          </exception> <!-- org.openqa.selenium.WebDriverException -->
          <reporter-output>
          </reporter-output>
        </test-method> <!-- login -->
      </class> <!-- tests.NewTest -->
    </test> <!-- Default test -->
  </suite> <!-- Default suite -->
</testng-results>
